{
  "stats": {
    "suites": 1,
    "tests": 3,
    "passes": 3,
    "pending": 0,
    "failures": 0,
    "start": "2024-11-26T23:32:59.485Z",
    "end": "2024-11-26T23:33:35.002Z",
    "duration": 35517,
    "testsRegistered": 3,
    "passPercent": 100,
    "pendingPercent": 0,
    "other": 0,
    "hasOther": false,
    "skipped": 0,
    "hasSkipped": false
  },
  "results": [
    {
      "uuid": "f36b662d-5b38-4737-b8b2-8f002775281e",
      "title": "",
      "fullFile": "cypress\\e2e\\Comprar.cy.js",
      "file": "cypress\\e2e\\Comprar.cy.js",
      "beforeHooks": [],
      "afterHooks": [],
      "tests": [],
      "suites": [
        {
          "uuid": "fb71b352-314b-4a72-b455-031b4f9a9e87",
          "title": "Testes de Compras - Demoblaze",
          "fullFile": "",
          "file": "",
          "beforeHooks": [],
          "afterHooks": [],
          "tests": [
            {
              "title": "Deve permitir adicionar produtos ao carrinho",
              "fullTitle": "Testes de Compras - Demoblaze Deve permitir adicionar produtos ao carrinho",
              "timedOut": null,
              "duration": 28590,
              "state": "passed",
              "speed": "slow",
              "pass": true,
              "fail": false,
              "pending": false,
              "context": null,
              "code": "adicionar_carrinho(); // Adiciona os produtos\ncy.get('#cartur').click(); // Navega para o carrinho\ncy.get('tbody .success').should('have.length.greaterThan', 0); // Verifica se há itens no carrinho",
              "err": {},
              "uuid": "6922bf17-020a-4325-aca1-1ba24342d070",
              "parentUUID": "fb71b352-314b-4a72-b455-031b4f9a9e87",
              "isHook": false,
              "skipped": false
            },
            {
              "title": "Falha ao tentar comprar por informaçoes faltantes",
              "fullTitle": "Testes de Compras - Demoblaze Falha ao tentar comprar por informaçoes faltantes",
              "timedOut": null,
              "duration": 1681,
              "state": "passed",
              "speed": "fast",
              "pass": true,
              "fail": false,
              "pending": false,
              "context": null,
              "code": "cy.get('#cartur').click(); // Navega para o carrinho\ncy.get('.col-lg-1 > .btn').click(); // Clica no botão de compra\n//cy.get('#name').type('Victor');\ncy.get('#country').type('Brasil');\n//cy.get('#city').type('São Paulo');\ncy.get('#card').type('1234567890');\n//cy.get('#month').type('12');\ncy.get('#year').type('2023');\ncy.get('#orderModal > .modal-dialog > .modal-content > .modal-footer > .btn-primary').click(); // Finaliza a compra\ncy.on('window:alert', alertText => {\n  expect(alertText).to.equal('Please fill out Name and Creditcard.');\n});",
              "err": {},
              "uuid": "6cf6d1a0-3012-4bf9-8d79-b277706d3343",
              "parentUUID": "fb71b352-314b-4a72-b455-031b4f9a9e87",
              "isHook": false,
              "skipped": false
            },
            {
              "title": "deve comprar tudo",
              "fullTitle": "Testes de Compras - Demoblaze deve comprar tudo",
              "timedOut": null,
              "duration": 2357,
              "state": "passed",
              "speed": "fast",
              "pass": true,
              "fail": false,
              "pending": false,
              "context": null,
              "code": "cy.get('#cartur').click(); // Navega para o carrinho\ncy.get('.col-lg-1 > .btn').click(); // Clica no botão de compra\ncy.get('#name').type('Victor');\ncy.get('#country').type('Brasil');\ncy.get('#city').type('São Paulo');\ncy.get('#card').type('1234567890');\ncy.get('#month').type('12');\ncy.get('#year').type('2023');\ncy.get('#orderModal > .modal-dialog > .modal-content > .modal-footer > .btn-primary').click(); // Finaliza a compra\ncy.get('.sweet-alert > h2').should('contain', 'Thank you for your purchase!'); // Verifica se a compra foi realizada com sucesso",
              "err": {},
              "uuid": "3cf2ba67-86e9-44ab-b6ec-1ab22ad3bacb",
              "parentUUID": "fb71b352-314b-4a72-b455-031b4f9a9e87",
              "isHook": false,
              "skipped": false
            }
          ],
          "suites": [],
          "passes": [
            "6922bf17-020a-4325-aca1-1ba24342d070",
            "6cf6d1a0-3012-4bf9-8d79-b277706d3343",
            "3cf2ba67-86e9-44ab-b6ec-1ab22ad3bacb"
          ],
          "failures": [],
          "pending": [],
          "skipped": [],
          "duration": 32628,
          "root": false,
          "rootEmpty": false,
          "_timeout": 2000
        }
      ],
      "passes": [],
      "failures": [],
      "pending": [],
      "skipped": [],
      "duration": 0,
      "root": true,
      "rootEmpty": true,
      "_timeout": 2000
    }
  ],
  "meta": {
    "mocha": {
      "version": "7.0.1"
    },
    "mochawesome": {
      "options": {
        "quiet": false,
        "reportFilename": "mochawesome",
        "saveHtml": true,
        "saveJson": true,
        "consoleReporter": "spec",
        "useInlineDiffs": false,
        "code": true
      },
      "version": "7.1.3"
    },
    "marge": {
      "options": {
        "reportDir": "cypress/reports",
        "overwrite": false,
        "html": true,
        "json": true
      },
      "version": "6.2.0"
    }
  }
}